d:\app\vs-项目\排序算法\排序算法\debug\排序算法.pch
d:\app\vs-项目\排序算法\排序算法\debug\vc141.pdb
d:\app\vs-项目\排序算法\排序算法\debug\vc141.idb
d:\app\vs-项目\排序算法\排序算法\debug\pch.obj
d:\app\vs-项目\排序算法\排序算法\debug\简单选择排序.obj
d:\app\vs-项目\排序算法\排序算法\debug\直接插入排序.obj
d:\app\vs-项目\排序算法\排序算法\debug\快速排序.obj
d:\app\vs-项目\排序算法\排序算法\debug\归并排序.obj
d:\app\vs-项目\排序算法\排序算法\debug\希尔排序.obj
d:\app\vs-项目\排序算法\排序算法\debug\堆排序.obj
d:\app\vs-项目\排序算法\排序算法\debug\冒泡排序.obj
d:\app\vs-项目\排序算法\debug\排序算法.ilk
d:\app\vs-项目\排序算法\debug\排序算法.exe
d:\app\vs-项目\排序算法\debug\排序算法.pdb
d:\app\vs-项目\排序算法\排序算法\debug\排序算法.tlog\cl.command.1.tlog
d:\app\vs-项目\排序算法\排序算法\debug\排序算法.tlog\cl.read.1.tlog
d:\app\vs-项目\排序算法\排序算法\debug\排序算法.tlog\cl.write.1.tlog
d:\app\vs-项目\排序算法\排序算法\debug\排序算法.tlog\link.command.1.tlog
d:\app\vs-项目\排序算法\排序算法\debug\排序算法.tlog\link.read.1.tlog
d:\app\vs-项目\排序算法\排序算法\debug\排序算法.tlog\link.write.1.tlog
